2026-02-10T11:40:40.785718881Z [inf]  
2026-02-10T11:40:41.047532496Z [inf]  [35m[Region: us-west1][0m
2026-02-10T11:40:41.087725652Z [inf]  
2026-02-10T11:40:41.087745434Z [inf]  [38;2;125;86;243mâ•­â”€â”€â”€â”€â”€â”€â”€â”€â”€â”€â”€â”€â”€â”€â”€â”€â”€â•®[0m
2026-02-10T11:40:41.087749115Z [inf]  [38;2;125;86;243mâ”‚[0m Railpack 0.17.1 [38;2;125;86;243mâ”‚[0m
2026-02-10T11:40:41.087752275Z [inf]  [38;2;125;86;243mâ•°â”€â”€â”€â”€â”€â”€â”€â”€â”€â”€â”€â”€â”€â”€â”€â”€â”€â•¯[0m
2026-02-10T11:40:41.087756987Z [inf]  
2026-02-10T11:40:41.087760369Z [inf]  [97mâ†³ Detected Python[0m
2026-02-10T11:40:41.087763674Z [inf]  [97mâ†³ Using pip[0m
2026-02-10T11:40:41.087766998Z [inf]  
2026-02-10T11:40:41.087771705Z [inf]  [1mPackages[0m
2026-02-10T11:40:41.087774626Z [inf]  [38;5;238mâ”€â”€â”€â”€â”€â”€â”€â”€â”€â”€[0m
2026-02-10T11:40:41.087777521Z [inf]  [95mpython[0m  [38;5;238mâ”‚[0m  [96m3.13.12[0m  [38;5;238mâ”‚[0m  railpack default (3.13)
2026-02-10T11:40:41.087780353Z [inf]  
2026-02-10T11:40:41.087782999Z [inf]  [1mSteps[0m
2026-02-10T11:40:41.087785696Z [inf]  [38;5;238mâ”€â”€â”€â”€â”€â”€â”€â”€â”€â”€[0m
2026-02-10T11:40:41.087788826Z [inf]  [95mâ–¸ install[0m
2026-02-10T11:40:41.087791530Z [inf]  [38;5;245m$[0m [1mpython -m venv /app/.venv[0m
2026-02-10T11:40:41.087794246Z [inf]  [38;5;245m$[0m [1mpip install -r requirements.txt[0m
2026-02-10T11:40:41.087797166Z [inf]  
2026-02-10T11:40:41.087799782Z [inf]  [1mDeploy[0m
2026-02-10T11:40:41.087802417Z [inf]  [38;5;238mâ”€â”€â”€â”€â”€â”€â”€â”€â”€â”€[0m
2026-02-10T11:40:41.087805204Z [inf]  [38;5;245m$[0m [1mpython main.py[0m
2026-02-10T11:40:41.087807739Z [inf]  
2026-02-10T11:40:41.087810429Z [inf]  
2026-02-10T11:40:41.089198513Z [inf]  Successfully prepared Railpack plan for build
2026-02-10T11:40:41.089243109Z [inf]  
2026-02-10T11:40:41.089248169Z [inf]  
2026-02-10T11:40:41.089769662Z [inf]  context: ld1q-lixA
2026-02-10T11:40:41.251745672Z [inf]  [internal] load build definition from railpack-plan.json
2026-02-10T11:40:41.251794639Z [inf]  [internal] load build definition from railpack-plan.json
2026-02-10T11:40:41.251807339Z [inf]  [internal] load build definition from railpack-plan.json
2026-02-10T11:40:41.261645398Z [inf]  [internal] load build definition from railpack-plan.json
2026-02-10T11:40:41.262986630Z [inf]  resolve image config for docker-image://ghcr.io/railwayapp/railpack-frontend:v0.17.1
2026-02-10T11:40:41.365732939Z [inf]  resolve image config for docker-image://ghcr.io/railwayapp/railpack-frontend:v0.17.1
2026-02-10T11:40:41.365786009Z [inf]  docker-image://ghcr.io/railwayapp/railpack-frontend:v0.17.1@sha256:ac10f8936f18bb8b57892ff5fd7d70a55728296480089b165a9d2f14645babb3
2026-02-10T11:40:41.365803202Z [inf]  docker-image://ghcr.io/railwayapp/railpack-frontend:v0.17.1@sha256:ac10f8936f18bb8b57892ff5fd7d70a55728296480089b165a9d2f14645babb3
2026-02-10T11:40:41.370576475Z [inf]  docker-image://ghcr.io/railwayapp/railpack-frontend:v0.17.1@sha256:ac10f8936f18bb8b57892ff5fd7d70a55728296480089b165a9d2f14645babb3
2026-02-10T11:40:41.370840546Z [inf]  docker-image://ghcr.io/railwayapp/railpack-frontend:v0.17.1@sha256:ac10f8936f18bb8b57892ff5fd7d70a55728296480089b165a9d2f14645babb3
2026-02-10T11:40:41.439425176Z [inf]  load build definition from railpack-plan.json
2026-02-10T11:40:41.439493665Z [inf]  load build definition from railpack-plan.json
2026-02-10T11:40:41.439514256Z [inf]  load build definition from railpack-plan.json
2026-02-10T11:40:41.447924795Z [inf]  load build definition from railpack-plan.json
2026-02-10T11:40:41.459176113Z [inf]  python -m venv /app/.venv
2026-02-10T11:40:41.459245906Z [inf]  copy /root/.local/state/mise
2026-02-10T11:40:41.459256807Z [inf]  copy /etc/mise/config.toml
2026-02-10T11:40:41.459267591Z [inf]  copy /usr/local/bin/mise
2026-02-10T11:40:41.459275275Z [inf]  copy /mise/installs
2026-02-10T11:40:41.459285028Z [inf]  copy /mise/shims
2026-02-10T11:40:41.459295485Z [inf]  install mise packages: python
2026-02-10T11:40:41.459301326Z [inf]  create mise config
2026-02-10T11:40:41.459306949Z [inf]  mkdir /etc/mise
2026-02-10T11:40:41.459313098Z [inf]  docker-image://ghcr.io/railwayapp/railpack-builder:latest
2026-02-10T11:40:41.459318742Z [inf]  docker-image://ghcr.io/railwayapp/railpack-runtime:latest
2026-02-10T11:40:41.459353819Z [inf]  [railpack] merge ghcr.io/railwayapp/railpack-runtime:latest, $packages:mise, $build, $build
2026-02-10T11:40:41.459360369Z [inf]  copy /app
2026-02-10T11:40:41.459368032Z [inf]  copy /app/.venv
2026-02-10T11:40:41.459373739Z [inf]  copy / /app
2026-02-10T11:40:41.459379374Z [inf]  pip install -r requirements.txt
2026-02-10T11:40:41.459384532Z [inf]  copy requirements.txt
2026-02-10T11:40:41.459390098Z [inf]  loading .
2026-02-10T11:40:41.459402070Z [inf]  docker-image://ghcr.io/railwayapp/railpack-runtime:latest
2026-02-10T11:40:41.459414124Z [inf]  loading .
2026-02-10T11:40:41.459419541Z [inf]  docker-image://ghcr.io/railwayapp/railpack-builder:latest
2026-02-10T11:40:41.681195918Z [inf]  docker-image://ghcr.io/railwayapp/railpack-builder:latest
2026-02-10T11:40:41.682447883Z [inf]  loading .
2026-02-10T11:40:41.693869136Z [inf]  loading .
2026-02-10T11:40:41.695291936Z [inf]  mkdir /etc/mise
2026-02-10T11:40:41.695326748Z [inf]  create mise config
2026-02-10T11:40:41.695345781Z [inf]  install mise packages: python
2026-02-10T11:40:41.695357323Z [inf]  python -m venv /app/.venv
2026-02-10T11:40:41.695382287Z [inf]  copy requirements.txt
2026-02-10T11:40:41.707080034Z [inf]  copy requirements.txt
2026-02-10T11:40:41.708704423Z [inf]  pip install -r requirements.txt
2026-02-10T11:40:42.643941134Z [inf]  Collecting aiogram==3.10.0 (from -r requirements.txt (line 1))

2026-02-10T11:40:42.686234693Z [inf]    Downloading aiogram-3.10.0-py3-none-any.whl.metadata (7.3 kB)

2026-02-10T11:40:42.901464539Z [inf]  Collecting sqlalchemy==2.0.25 (from -r requirements.txt (line 2))

2026-02-10T11:40:42.910784367Z [inf]    Downloading SQLAlchemy-2.0.25-py3-none-any.whl.metadata (9.6 kB)

2026-02-10T11:40:42.941217056Z [inf]  Collecting alembic==1.13.1 (from -r requirements.txt (line 3))

2026-02-10T11:40:42.949480024Z [inf]    Downloading alembic-1.13.1-py3-none-any.whl.metadata (7.4 kB)

2026-02-10T11:40:42.971609972Z [inf]  Collecting python-dotenv==1.0.0 (from -r requirements.txt (line 4))

2026-02-10T11:40:42.979937279Z [inf]    Downloading python_dotenv-1.0.0-py3-none-any.whl.metadata (21 kB)

2026-02-10T11:40:43.069155302Z [inf]  Collecting pandas==2.2.1 (from -r requirements.txt (line 5))

2026-02-10T11:40:43.077734298Z [inf]    Downloading pandas-2.2.1.tar.gz (4.4 MB)

2026-02-10T11:40:43.130150139Z [inf]       â”â”â”â”â”â”â”â”â”â”â”â”â”â”â”â”â”â”â”â”â”â”â”â”â”â”â”â”â”â”â”â”â”â”â”â”â”â”â”â” 4.4/4.4 MB 113.3 MB/s  0:00:00
2026-02-10T11:40:43.130295669Z [inf]  

2026-02-10T11:40:43.485533322Z [inf]    Installing build dependencies: started

2026-02-10T11:41:31.513603047Z [inf]    Installing build dependencies: finished with status 'done'

2026-02-10T11:41:31.618503033Z [inf]    Getting requirements to build wheel: started

2026-02-10T11:41:32.165110603Z [inf]    Getting requirements to build wheel: finished with status 'done'

2026-02-10T11:41:32.257493832Z [inf]    Installing backend dependencies: started

2026-02-10T11:41:33.083700154Z [inf]    Installing backend dependencies: finished with status 'done'

2026-02-10T11:41:33.088717934Z [inf]    Preparing metadata (pyproject.toml): started

2026-02-10T11:42:13.478493522Z [inf]    Preparing metadata (pyproject.toml): finished with status 'error'

2026-02-10T11:42:13.661853394Z [inf]    error: subprocess-exited-with-error
  
  Ã— Preparing metadata (pyproject.toml) did not run successfully.
  â”‚ exit code: 1
  â•°â”€> [172 lines of output]
      + meson setup /tmp/pip-install-1l2tnm30/pandas_c8971e0a19344b8eb36f5ff5934464c8 /tmp/pip-install-1l2tnm30/pandas_c8971e0a19344b8eb36f5ff5934464c8/.mesonpy-is679h40/build -Dbuildtype=release -Db_ndebug=if-release -Db_vscrt=md --vsenv --native-file=/tmp/pip-install-1l2tnm30/pandas_c8971e0a19344b8eb36f5ff5934464c8/.mesonpy-is679h40/build/meson-python-native-file.ini
      The Meson build system
      Version: 1.2.1
      Source dir: /tmp/pip-install-1l2tnm30/pandas_c8971e0a19344b8eb36f5ff5934464c8
      Build dir: /tmp/pip-install-1l2tnm30/pandas_c8971e0a19344b8eb36f5ff5934464c8/.mesonpy-is679h40/build
      Build type: native build
      Project name: pandas
      Project version: 2.2.1
      C compiler for the host machine: cc (gcc 12.2.0 "cc (Debian 12.2.0-14+deb12u1) 12.2.0")
      C linker for the host machine: cc ld.bfd 2.40
      C++ compiler for the host machine: c++ (gcc 12.2.0 "c++ (Debian 12.2.0-14+deb12u1) 12.2.0")
      C++ linker for the host machine: c++ ld.bfd 2.40
      Cython compiler for the host machine: cython (cython 3.0.5)
      Host machine cpu family: x86_64
      Host machine cpu: x86_64
      Program python found: YES (/app/.venv/bin/python)
      Found pkg-config: /usr/bin/pkg-config (1.8.1)
      Run-time dependency python found: YES 3.13
      Build targets in project: 53
      
      pandas 2.2.1
      
        User defined options
          Native files: /tmp/pip-install-1l2tnm30/pandas_c8971e0a19344b8eb36f5ff5934464c8/.mesonpy-is679h40/build/meson-python-native-file.ini
          buildtype   : release
          vsenv       : True
          b_ndebug    : if-release
          b_vscrt     : md
      
      Found ninja-1.13.0.git.kitware.jobserver-pipe-1 at /tmp/pip-build-env-nfwhzuth/normal/bin/ninja
      
      Visual Studio environment is needed to run Ninja. It is recommended to use Meson wrapper:
      /tmp/pip-build-env-nfwhzuth/overlay/bin/meson compile -C .
      + /tmp/pip-build-env-nfwhzuth/normal/bin/ninja
      [1/151] Generating pandas/_libs/algos_common_helper_pxi with a custom command
      [2/151] Generating pandas/_libs/khash_primitive_helper_pxi with a custom command
      [3/151] Generating pandas/_libs/hashtable_func_helper_pxi with a custom command
      [4/151] Generating pandas/_libs/index_class_helper_pxi with a custom command
      [5/151] Generating pandas/_libs/intervaltree_helper_pxi with a custom command
      [6/151] Generating pandas/_libs/algos_take_helper_pxi with a custom command
      [7/151] Generating pandas/_libs/sparse_op_helper_pxi with a custom command
      [8/151] Compiling C object pandas/_libs/pandas_datetime.cpython-313-x86_64-linux-gnu.so.p/src_datetime_date_conversions.c.o
      [9/151] Generating pandas/_libs/hashtable_class_helper_pxi with a custom command
      [10/151] Compiling C object pandas/_libs/pandas_parser.cpython-313-x86_64-linux-gnu.so.p/src_parser_io.c.o
      [11/151] Compiling C object pandas/_libs/pandas_datetime.cpython-313-x86_64-linux-gnu.so.p/src_datetime_pd_datetime.c.o
      [12/151] Compiling C object pandas/_libs/pandas_parser.cpython-313-x86_64-linux-gnu.so.p/src_parser_pd_parser.c.o
      [13/151] Compiling C object pandas/_libs/pandas_datetime.cpython-313-x86_64-linux-gnu.so.p/src_vendored_numpy_datetime_np_datetime.c.o
      [14/151] Compiling C object pandas/_libs/parsers.cpython-313-x86_64-linux-gnu.so.p/src_parser_io.c.o
      [15/151] Compiling C object pandas/_libs/pandas_datetime.cpython-313-x86_64-linux-gnu.so.p/src_vendored_numpy_datetime_np_datetime_strings.c.o
      [16/151] Compiling C object pandas/_libs/json.cpython-313-x86_64-linux-gnu.so.p/src_vendored_ujson_python_ujson.c.o
      [17/151] Compiling C object pandas/_libs/json.cpython-313-x86_64-linux-gnu.so.p/src_vendored_ujson_python_JSONtoObj.c.o
      [18/151] Linking target pandas/_libs/pandas_datetime.cpython-313-x86_64-linux-gnu.so
      [19/151] Compiling C object pandas/_libs/json.cpython-313-x86_64-linux-gnu.so.p/src_vendored_ujson_lib_ultrajsonenc.c.o
      [20/151] Compiling C object pandas/_libs/json.cpython-313-x86_64-linux-gnu.so.p/src_vendored_ujson_lib_ultrajsondec.c.o
      [21/151] Compiling C object pandas/_libs/tslibs/parsing.cpython-313-x86_64-linux-gnu.so.p/.._src_parser_tokenizer.c.o
      [22/151] Compiling C object pandas/_libs/pandas_parser.cpython-313-x86_64-linux-gnu.so.p/src_parser_tokenizer.c.o
      [23/151] Linking target pandas/_libs/pandas_parser.cpython-313-x86_64-linux-gnu.so
      [24/151] Compiling C object pandas/_libs/lib.cpython-313-x86_64-linux-gnu.so.p/src_parser_tokenizer.c.o
      [25/151] Generating pandas/__init__.py with a custom command
      [26/151] Compiling C object pandas/_libs/parsers.cpython-313-x86_64-linux-gnu.so.p/src_parser_tokenizer.c.o
      [27/151] Compiling C object pandas/_libs/json.cpython-313-x86_64-linux-gnu.so.p/src_vendored_ujson_python_objToJSON.c.o
      [28/151] Linking target pandas/_libs/json.cpython-313-x86_64-linux-gnu.so
      [29/151] Compiling Cython source /tmp/pip-install-1l2tnm30/pandas_c8971e0a19344b8eb36f5ff5934464c8/pandas/_libs/indexing.pyx
      [30/151] Compiling Cython source /tmp/pip-install-1l2tnm30/pandas_c8971e0a19344b8eb36f5ff5934464c8/pandas/_libs/ops_dispatch.pyx
      [31/151] Compiling Cython source /tmp/pip-install-1l2tnm30/pandas_c8971e0a19344b8eb36f5ff5934464c8/pandas/_libs/byteswap.pyx
      [32/151] Compiling Cython source /tmp/pip-install-1l2tnm30/pandas_c8971e0a19344b8eb36f5ff5934464c8/pandas/_libs/properties.pyx
      [33/151] Compiling Cython source /tmp/pip-install-1l2tnm30/pandas_c8971e0a19344b8eb36f5ff5934464c8/pandas/_libs/tslibs/base.pyx
      [34/151] Compiling Cython source /tmp/pip-install-1l2tnm30/pandas_c8971e0a19344b8eb36f5ff5934464c8/pandas/_libs/tslibs/ccalendar.pyx
      [35/151] Compiling Cython source /tmp/pip-install-1l2tnm30/pandas_c8971e0a19344b8eb36f5ff5934464c8/pandas/_libs/testing.pyx
      [36/151] Compiling Cython source /tmp/pip-install-1l2tnm30/pandas_c8971e0a19344b8eb36f5ff5934464c8/pandas/_libs/tslibs/nattype.pyx
      warning: /tmp/pip-install-1l2tnm30/pandas_c8971e0a19344b8eb36f5ff5934464c8/pandas/_libs/tslibs/nattype.pyx:79:0: Global name __nat_unpickle matched from within class scope in contradiction to to Python 'class private name' rules. This may change in a future release.
      warning: /tmp/pip-install-1l2tnm30/pandas_c8971e0a19344b8eb36f5ff5934464c8/pandas/_libs/tslibs/nattype.pyx:79:0: Global name __nat_unpickle matched from within class scope in contradiction to to Python 'class private name' rules. This may change in a future release.
      [37/151] Compiling Cython source /tmp/pip-install-1l2tnm30/pandas_c8971e0a19344b8eb36f5ff5934464c8/pandas/_libs/missing.pyx
      [38/151] Compiling Cython source /tmp/pip-install-1l2tnm30/pandas_c8971e0a19344b8eb36f5ff5934464c8/pandas/_libs/tslibs/np_datetime.pyx
      [39/151] Compiling Cython source /tmp/pip-install-1l2tnm30/pandas_c8971e0a19344b8eb36f5ff5934464c8/pandas/_libs/tslibs/dtypes.pyx
      [40/151] Compiling Cython source /tmp/pip-install-1l2tnm30/pandas_c8971e0a19344b8eb36f5ff5934464c8/pandas/_libs/arrays.pyx
      [41/151] Compiling C object pandas/_libs/indexing.cpython-313-x86_64-linux-gnu.so.p/meson-generated_pandas__libs_indexing.pyx.c.o
      [42/151] Linking target pandas/_libs/indexing.cpython-313-x86_64-linux-gnu.so
      [43/151] Compiling Cython source /tmp/pip-install-1l2tnm30/pandas_c8971e0a19344b8eb36f5ff5934464c8/pandas/_libs/sas.pyx
      [44/151] Compiling Cython source /tmp/pip-install-1l2tnm30/pandas_c8971e0a19344b8eb36f5ff5934464c8/pandas/_libs/ops.pyx
      [45/151] Compiling Cython source /tmp/pip-install-1l2tnm30/pandas_c8971e0a19344b8eb36f5ff5934464c8/pandas/_libs/window/indexers.pyx
      [46/151] Compiling C object pandas/_libs/byteswap.cpython-313-x86_64-linux-gnu.so.p/meson-generated_pandas__libs_byteswap.pyx.c.o
      [47/151] Linking target pandas/_libs/byteswap.cpython-313-x86_64-linux-gnu.so
      [48/151] Compiling Cython source /tmp/pip-install-1l2tnm30/pandas_c8971e0a19344b8eb36f5ff5934464c8/pandas/_libs/hashing.pyx
      [49/151] Compiling Cython source /tmp/pip-install-1l2tnm30/pandas_c8971e0a19344b8eb36f5ff5934464c8/pandas/_libs/tslibs/vectorized.pyx
      [50/151] Compiling C object pandas/_libs/tslibs/base.cpython-313-x86_64-linux-gnu.so.p/meson-generated_pandas__libs_tslibs_base.pyx.c.o
      [51/151] Linking target pandas/_libs/tslibs/base.cpython-313-x86_64-linux-gnu.so
      [52/151] Compiling Cython source /tmp/pip-install-1l2tnm30/pandas_c8971e0a19344b8eb36f5ff5934464c8/pandas/_libs/reshape.pyx
      [53/151] Compiling Cython source /tmp/pip-install-1l2tnm30/pandas_c8971e0a19344b8eb36f5ff5934464c8/pandas/_libs/tslibs/tzconversion.pyx
      [54/151] Compiling Cython source /tmp/pip-install-1l2tnm30/pandas_c8971e0a19344b8eb36f5ff5934464c8/pandas/_libs/tslibs/timezones.pyx
      [55/151] Compiling C object pandas/_libs/ops_dispatch.cpython-313-x86_64-linux-gnu.so.p/meson-generated_pandas__libs_ops_dispatch.pyx.c.o
      [56/151] Linking target pandas/_libs/ops_dispatch.cpython-313-x86_64-linux-gnu.so
      [57/151] Compiling Cython source /tmp/pip-install-1l2tnm30/pandas_c8971e0a19344b8eb36f5ff5934464c8/pandas/_libs/writers.pyx
      [58/151] Compiling Cython source /tmp/pip-install-1l2tnm30/pandas_c8971e0a19344b8eb36f5ff5934464c8/pandas/_libs/tslibs/conversion.pyx
      [59/151] Compiling Cython source /tmp/pip-install-1l2tnm30/pandas_c8971e0a19344b8eb36f5ff5934464c8/pandas/_libs/internals.pyx
      [60/151] Compiling Cython source /tmp/pip-install-1l2tnm30/pandas_c8971e0a19344b8eb36f5ff5934464c8/pandas/_libs/tslib.pyx
      [61/151] Compiling Cython source /tmp/pip-install-1l2tnm30/pandas_c8971e0a19344b8eb36f5ff5934464c8/pandas/_libs/tslibs/fields.pyx
      [62/151] Compiling C object pandas/_libs/properties.cpython-313-x86_64-linux-gnu.so.p/meson-generated_pandas__libs_properties.pyx.c.o
      [63/151] Linking target pandas/_libs/properties.cpython-313-x86_64-linux-gnu.so
      [64/151] Compiling Cython source /tmp/pip-install-1l2tnm30/pandas_c8971e0a19344b8eb36f5ff5934464c8/pandas/_libs/tslibs/parsing.pyx
      [65/151] Compiling Cython source /tmp/pip-install-1l2tnm30/pandas_c8971e0a19344b8eb36f5ff5934464c8/pandas/_libs/tslibs/strptime.pyx
      [66/151] Compiling Cython source /tmp/pip-install-1l2tnm30/pandas_c8971e0a19344b8eb36f5ff5934464c8/pandas/_libs/parsers.pyx
      [67/151] Compiling Cython source /tmp/pip-install-1l2tnm30/pandas_c8971e0a19344b8eb36f5ff5934464c8/pandas/_libs/tslibs/timestamps.pyx
      [68/151] Compiling Cython source /tmp/pip-install-1l2tnm30/pandas_c8971e0a19344b8eb36f5ff5934464c8/pandas/_libs/window/aggregations.pyx
      [69/151] Compiling Cython source /tmp/pip-install-1l2tnm30/pandas_c8971e0a19344b8eb36f5ff5934464c8/pandas/_libs/tslibs/offsets.pyx
      [70/151] Compiling Cython source /tmp/pip-install-1l2tnm30/pandas_c8971e0a19344b8eb36f5ff5934464c8/pandas/_libs/tslibs/period.pyx
      [71/151] Compiling Cython source /tmp/pip-install-1l2tnm30/pandas_c8971e0a19344b8eb36f5ff5934464c8/pandas/_libs/tslibs/timedeltas.pyx
      [72/151] Compiling Cython source /tmp/pip-install-1l2tnm30/pandas_c8971e0a19344b8eb36f5ff5934464c8/pandas/_libs/lib.pyx
      [73/151] Compiling C object pandas/_libs/tslibs/ccalendar.cpython-313-x86_64-linux-gnu.so.p/meson-generated_pandas__libs_tslibs_ccalendar.pyx.c.o
      [74/151] Linking target pandas/_libs/tslibs/ccalendar.cpython-313-x86_64-linux-gnu.so
      [75/151] Compiling C++ object pandas/_libs/window/aggregations.cpython-313-x86_64-linux-gnu.so.p/meson-generated_pandas__libs_window_aggregations.pyx.cpp.o
      FAILED: [code=1] pandas/_libs/window/aggregations.cpython-313-x86_64-linux-gnu.so.p/meson-generated_pandas__libs_window_aggregations.pyx.cpp.o
      c++ -Ipandas/_libs/window/aggregations.cpython-313-x86_64-linux-gnu.so.p -Ipandas/_libs/window -I../../pandas/_libs/window -I../../../../pip-build-env-nfwhzuth/overlay/lib/python3.13/site-packages/numpy/core/include -I../../pandas/_libs/include -I/mise/installs/python/3.13.12/lib/pkgconfig/../../include/python3.13 -fvisibility=hidden -fvisibility-inlines-hidden -fdiagnostics-color=always -DNDEBUG -D_FILE_OFFSET_BITS=64 -w -O3 -DNPY_NO_DEPRECATED_API=0 -DNPY_TARGET_VERSION=NPY_1_21_API_VERSION -fPIC -MD -MQ pandas/_libs/window/aggregations.cpython-313-x86_64-linux-gnu.so.p/meson-generated_pandas__libs_window_aggregations.pyx.cpp.o -MF pandas/_libs/window/aggregations.cpython-313-x86_64-linux-gnu.so.p/meson-generated_pandas__libs_window_aggregations.pyx.cpp.o.d -o pandas/_libs/window/aggregations.cpython-313-x86_64-linux-gnu.so.p/meson-generated_pandas__libs_window_aggregations.pyx.cpp.o -c pandas/_libs/window/aggregations.cpython-313-x86_64-linux-gnu.so.p/pandas/_libs/window/aggregations.pyx.cpp
      pandas/_libs/window/aggregations.cpython-313-x86_64-linux-gnu.so.p/pandas/_libs/window/aggregations.pyx.cpp:422:31: error: standard attributes in middle of decl-specifiers
        422 |         #define CYTHON_UNUSED [[maybe_unused]]
            |                               ^
      pandas/_libs/window/aggregations.cpython-313-x86_64-linux-gnu.so.p/pandas/_libs/window/aggregations.pyx.cpp:2302:12: note: in expansion of macro â€˜CYTHON_UNUSEDâ€™
       2302 |     static CYTHON_UNUSED PyObject *__Pyx_KwargsAsDict_FASTCALL(PyObject *kwnames, PyObject *const *kwvalues);
            |            ^~~~~~~~~~~~~
      pandas/_libs/window/aggregations.cpython-313-x86_64-linux-gnu.so.p/pandas/_libs/window/aggregations.pyx.cpp:422:31: note: standard attributes must precede the decl-specifiers to apply to the declaration, or follow them to apply to the type
        422 |         #define CYTHON_UNUSED [[maybe_unused]]
            |                               ^
      pandas/_libs/window/aggregations.cpython-313-x86_64-linux-gnu.so.p/pandas/_libs/window/aggregations.pyx.cpp:2302:12: note: in expansion of macro â€˜CYTHON_UNUSEDâ€™
       2302 |     static CYTHON_UNUSED PyObject *__Pyx_KwargsAsDict_FASTCALL(PyObject *kwnames, PyObject *const *kwvalues);
            |            ^~~~~~~~~~~~~
      pandas/_libs/window/aggregations.cpython-313-x86_64-linux-gnu.so.p/pandas/_libs/window/aggregations.pyx.cpp:422:31: error: standard attributes in middle of decl-specifiers
        422 |         #define CYTHON_UNUSED [[maybe_unused]]
            |                               ^
      pandas/_libs/window/aggregations.cpython-313-x86_64-linux-gnu.so.p/pandas/_libs/window/aggregations.pyx.cpp:41679:8: note: in expansion of macro â€˜CYTHON_UNUSEDâ€™
      41679 | static CYTHON_UNUSED PyObject *__Pyx_KwargsAsDict_FASTCALL(PyObject *kwnames, PyObject *const *kwvalues) {
            |        ^~~~~~~~~~~~~
      pandas/_libs/window/aggregations.cpython-313-x86_64-linux-gnu.so.p/pandas/_libs/window/aggregations.pyx.cpp:422:31: note: standard attributes must precede the decl-specifiers to apply to the declaration, or follow them to apply to the type
        422 |         #define CYTHON_UNUSED [[maybe_unused]]
            |                               ^
      pandas/_libs/window/aggregations.cpython-313-x86_64-linux-gnu.so.p/pandas/_libs/window/aggregations.pyx.cpp:41679:8: note: in expansion of macro â€˜CYTHON_UNUSEDâ€™
      41679 | static CYTHON_UNUSED PyObject *__Pyx_KwargsAsDict_FASTCALL(PyObject *kwnames, PyObject *const *kwvalues) {
            |        ^~~~~~~~~~~~~
      [76/151] Compiling Cython source /tmp/pip-install-1l2tnm30/pandas_c8971e0a19344b8eb36f5ff5934464c8/pandas/_libs/index.pyx
      [77/151] Compiling C object pandas/_libs/testing.cpython-313-x86_64-linux-gnu.so.p/meson-generated_pandas__libs_testing.pyx.c.o
      [78/151] Compiling Cython source /tmp/pip-install-1l2tnm30/pandas_c8971e0a19344b8eb36f5ff5934464c8/pandas/_libs/sparse.pyx
      [79/151] Compiling C object pandas/_libs/arrays.cpython-313-x86_64-linux-gnu.so.p/meson-generated_pandas__libs_arrays.pyx.c.o
      [80/151] Compiling Cython source /tmp/pip-install-1l2tnm30/pandas_c8971e0a19344b8eb36f5ff5934464c8/pandas/_libs/interval.pyx
      [81/151] Compiling C object pandas/_libs/tslibs/np_datetime.cpython-313-x86_64-linux-gnu.so.p/meson-generated_pandas__libs_tslibs_np_datetime.pyx.c.o
      [82/151] Compiling Cython source /tmp/pip-install-1l2tnm30/pandas_c8971e0a19344b8eb36f5ff5934464c8/pandas/_libs/join.pyx
      [83/151] Compiling C object pandas/_libs/tslibs/nattype.cpython-313-x86_64-linux-gnu.so.p/meson-generated_pandas__libs_tslibs_nattype.pyx.c.o
      [84/151] Compiling C object pandas/_libs/window/indexers.cpython-313-x86_64-linux-gnu.so.p/meson-generated_pandas__libs_window_indexers.pyx.c.o
      [85/151] Compiling C object pandas/_libs/hashing.cpython-313-x86_64-linux-gnu.so.p/meson-generated_pandas__libs_hashing.pyx.c.o
      [86/151] Compiling C object pandas/_libs/missing.cpython-313-x86_64-linux-gnu.so.p/meson-generated_pandas__libs_missing.pyx.c.o
      [87/151] Compiling C object pandas/_libs/sas.cpython-313-x86_64-linux-gnu.so.p/meson-generated_pandas__libs_sas.pyx.c.o
      [88/151] Compiling C object pandas/_libs/tslibs/vectorized.cpython-313-x86_64-linux-gnu.so.p/meson-generated_pandas__libs_tslibs_vectorized.pyx.c.o
      [89/151] Compiling Cython source /tmp/pip-install-1l2tnm30/pandas_c8971e0a19344b8eb36f5ff5934464c8/pandas/_libs/hashtable.pyx
      [90/151] Compiling C object pandas/_libs/ops.cpython-313-x86_64-linux-gnu.so.p/meson-generated_pandas__libs_ops.pyx.c.o
      [91/151] Compiling Cython source /tmp/pip-install-1l2tnm30/pandas_c8971e0a19344b8eb36f5ff5934464c8/pandas/_libs/algos.pyx
      [92/151] Compiling Cython source /tmp/pip-install-1l2tnm30/pandas_c8971e0a19344b8eb36f5ff5934464c8/pandas/_libs/groupby.pyx
      [93/151] Compiling C object pandas/_libs/writers.cpython-313-x86_64-linux-gnu.so.p/meson-generated_pandas__libs_writers.pyx.c.o
      [94/151] Compiling C object pandas/_libs/reshape.cpython-313-x86_64-linux-gnu.so.p/meson-generated_pandas__libs_reshape.pyx.c.o
      [95/151] Compiling C object pandas/_libs/tslibs/dtypes.cpython-313-x86_64-linux-gnu.so.p/meson-generated_pandas__libs_tslibs_dtypes.pyx.c.o
      [96/151] Compiling C object pandas/_libs/tslibs/conversion.cpython-313-x86_64-linux-gnu.so.p/meson-generated_pandas__libs_tslibs_conversion.pyx.c.o
      [97/151] Compiling C object pandas/_libs/tslibs/timezones.cpython-313-x86_64-linux-gnu.so.p/meson-generated_pandas__libs_tslibs_timezones.pyx.c.o
      [98/151] Compiling C object pandas/_libs/tslibs/tzconversion.cpython-313-x86_64-linux-gnu.so.p/meson-generated_pandas__libs_tslibs_tzconversion.pyx.c.o
      [99/151] Compiling C object pandas/_libs/tslibs/fields.cpython-313-x86_64-linux-gnu.so.p/meson-generated_pandas__libs_tslibs_fields.pyx.c.o
      [100/151] Compiling C object pandas/_libs/tslib.cpython-313-x86_64-linux-gnu.so.p/meson-generated_pandas__libs_tslib.pyx.c.o
      [101/151] Compiling C object pandas/_libs/internals.cpython-313-x86_64-linux-gnu.so.p/meson-generated_pandas__libs_internals.pyx.c.o
      [102/151] Compiling C object pandas/_libs/tslibs/strptime.cpython-313-x86_64-linux-gnu.so.p/meson-generated_pandas__libs_tslibs_strptime.pyx.c.o
      [103/151] Compiling C object pandas/_libs/tslibs/parsing.cpython-313-x86_64-linux-gnu.so.p/meson-generated_pandas__libs_tslibs_parsing.pyx.c.o
      [104/151] Compiling C object pandas/_libs/tslibs/period.cpython-313-x86_64-linux-gnu.so.p/meson-generated_pandas__libs_tslibs_period.pyx.c.o
      [105/151] Compiling C object pandas/_libs/tslibs/timestamps.cpython-313-x86_64-linux-gnu.so.p/meson-generated_pandas__libs_tslibs_timestamps.pyx.c.o
      [106/151] Compiling C object pandas/_libs/tslibs/timedeltas.cpython-313-x86_64-linux-gnu.so.p/meson-generated_pandas__libs_tslibs_timedeltas.pyx.c.o
      [107/151] Compiling C object pandas/_libs/parsers.cpython-313-x86_64-linux-gnu.so.p/meson-generated_pandas__libs_parsers.pyx.c.o
      [108/151] Compiling C object pandas/_libs/lib.cpython-313-x86_64-linux-gnu.so.p/meson-generated_pandas__libs_lib.pyx.c.o
      [109/151] Compiling C object pandas/_libs/tslibs/offsets.cpython-313-x86_64-linux-gnu.so.p/meson-generated_pandas__libs_tslibs_offsets.pyx.c.o
      ninja: build stopped: subcommand failed.
      [end of output]
  
  note: This error originates from a subprocess, and is likely not a problem with pip.

2026-02-10T11:42:13.676316179Z [inf]  error: metadata-generation-failed

Ã— Encountered error while generating package metadata.
â•°â”€> pandas

note: This is an issue with the package mentioned above, not pip.
hint: See above for details.

2026-02-10T11:42:14.968067374Z [err]  pip install -r requirements.txt
2026-02-10T11:42:14.982984703Z [err]  ERROR: failed to build: failed to solve: process "pip install -r requirements.txt" did not complete successfully: exit code: 1